<?xml version="1.0" encoding="utf-8"?><testsuites><testsuite name="pytest" errors="2" failures="0" skipped="0" tests="2" time="0.338" timestamp="2025-02-04T14:16:17.581463+05:30" hostname="DESKTOP-E8G4L6L"><testcase classname="" name="tests.test_extract" time="0.000"><error message="collection failure">ImportError while importing test module 'C:\Users\ADMIN\PycharmProjects\PythonProject_Hiresmart_31jan_5PM\tests\test_extract.py'.
Hint: make sure your test modules/packages have valid Python names.
Traceback:
.tox\py311\Lib\site-packages\_pytest\python.py:493: in importtestmodule
    mod = import_path(
.tox\py311\Lib\site-packages\_pytest\pathlib.py:587: in import_path
    importlib.import_module(module_name)
..\..\AppData\Local\Programs\Python\Python311\Lib\importlib\__init__.py:126: in import_module
    return _bootstrap._gcd_import(name[level:], package, level)
&lt;frozen importlib._bootstrap&gt;:1204: in _gcd_import
    ???
&lt;frozen importlib._bootstrap&gt;:1176: in _find_and_load
    ???
&lt;frozen importlib._bootstrap&gt;:1147: in _find_and_load_unlocked
    ???
&lt;frozen importlib._bootstrap&gt;:690: in _load_unlocked
    ???
.tox\py311\Lib\site-packages\_pytest\assertion\rewrite.py:184: in exec_module
    exec(co, module.__dict__)
tests\test_extract.py:3: in &lt;module&gt;
    from docx import Document
E   ModuleNotFoundError: No module named 'docx'</error></testcase><testcase classname="" name="tests.test_models" time="0.000"><error message="collection failure">ImportError while importing test module 'C:\Users\ADMIN\PycharmProjects\PythonProject_Hiresmart_31jan_5PM\tests\test_models.py'.
Hint: make sure your test modules/packages have valid Python names.
Traceback:
.tox\py311\Lib\site-packages\_pytest\python.py:493: in importtestmodule
    mod = import_path(
.tox\py311\Lib\site-packages\_pytest\pathlib.py:587: in import_path
    importlib.import_module(module_name)
..\..\AppData\Local\Programs\Python\Python311\Lib\importlib\__init__.py:126: in import_module
    return _bootstrap._gcd_import(name[level:], package, level)
&lt;frozen importlib._bootstrap&gt;:1204: in _gcd_import
    ???
&lt;frozen importlib._bootstrap&gt;:1176: in _find_and_load
    ???
&lt;frozen importlib._bootstrap&gt;:1147: in _find_and_load_unlocked
    ???
&lt;frozen importlib._bootstrap&gt;:690: in _load_unlocked
    ???
.tox\py311\Lib\site-packages\_pytest\assertion\rewrite.py:184: in exec_module
    exec(co, module.__dict__)
tests\test_models.py:2: in &lt;module&gt;
    from flask import Flask
E   ModuleNotFoundError: No module named 'flask'</error></testcase></testsuite></testsuites>